Using pre-set license
Built from '2020.2/release' branch; Version is '2020.2.1f1 (270dd8c3da1c) revision 2559448'; Using compiler version '192528614'; Build Type 'Release'
OS: 'Windows 10  (10.0.0) 64bit' Language: 'en' Physical Memory: 16268 MB
BatchMode: 1, IsHumanControllingUs: 0, StartBugReporterOnCrash: 0, Is64bit: 1, IsPro: 0

 COMMAND LINE ARGUMENTS:
C:\Program Files\Unity\Hub\Editor\2020.2.1f1\Editor\Unity.exe
-adb2
-batchMode
-noUpm
-name
AssetImportWorker1
-projectPath
D:/code/DoarIshmael/GGJ21_DoarIshmael
-logFile
Logs/AssetImportWorker1.log
-srvPort
9948
Successfully changed project path to: D:/code/DoarIshmael/GGJ21_DoarIshmael
D:/code/DoarIshmael/GGJ21_DoarIshmael
Using Asset Import Pipeline V2.
Refreshing native plugins compatible for Editor in 26.69 ms, found 0 plugins.
Preloading 0 native plugins for Editor in 0.00 ms.
Initialize engine version: 2020.2.1f1 (270dd8c3da1c)
[Subsystems] Discovering subsystems at path C:/Program Files/Unity/Hub/Editor/2020.2.1f1/Editor/Data/Resources/UnitySubsystems
[Subsystems] Discovering subsystems at path D:/code/DoarIshmael/GGJ21_DoarIshmael/Assets
GfxDevice: creating device client; threaded=0
Direct3D:
    Version:  Direct3D 11.0 [level 11.1]
    Renderer: NVIDIA GeForce MX150 (ID=0x1d12)
    Vendor:   
    VRAM:     1983 MB
    Driver:   27.21.14.6109
Initialize mono
Mono path[0] = 'C:/Program Files/Unity/Hub/Editor/2020.2.1f1/Editor/Data/Managed'
Mono path[1] = 'C:/Program Files/Unity/Hub/Editor/2020.2.1f1/Editor/Data/MonoBleedingEdge/lib/mono/unityjit'
Mono config path = 'C:/Program Files/Unity/Hub/Editor/2020.2.1f1/Editor/Data/MonoBleedingEdge/etc'
Using monoOptions --debugger-agent=transport=dt_socket,embedding=1,server=y,suspend=n,address=127.0.0.1:56384
Begin MonoManager ReloadAssembly
Registering precompiled unity dll's ...
Register platform support module: C:/Program Files/Unity/Hub/Editor/2020.2.1f1/Editor/Data/PlaybackEngines/WindowsStandaloneSupport/UnityEditor.WindowsStandalone.Extensions.dll
Registered in 0.002318 seconds.
Native extension for WindowsStandalone target not found
Refreshing native plugins compatible for Editor in 25.70 ms, found 0 plugins.
Preloading 0 native plugins for Editor in 0.00 ms.
Invoked RoslynAnalysisRunner static constructor.
RoslynAnalysisRunner will not be running.
RoslynAnalysisRunner has terminated.
Mono: successfully reloaded assembly
- Completed reload, in  2.121 seconds
Platform modules already initialized, skipping
Registering precompiled user dll's ...
Registered in 0.001061 seconds.
Begin MonoManager ReloadAssembly
Native extension for WindowsStandalone target not found
Refreshing native plugins compatible for Editor in 0.25 ms, found 0 plugins.
Preloading 0 native plugins for Editor in 0.00 ms.
Invoked RoslynAnalysisRunner static constructor.
RoslynAnalysisRunner will not be running.
RoslynAnalysisRunner has terminated.
Mono: successfully reloaded assembly
- Completed reload, in  0.830 seconds
Platform modules already initialized, skipping
========================================================================
Worker process is ready to serve import requests
Launched and connected shader compiler UnityShaderCompiler.exe after 0.04 seconds
Refreshing native plugins compatible for Editor in 0.23 ms, found 0 plugins.
Preloading 0 native plugins for Editor in 0.00 ms.
Unloading 1227 Unused Serialized files (Serialized files now loaded: 0)
System memory in use before: 61.0 MB.
System memory in use after: 61.0 MB.

Unloading 15 unused Assets to reduce memory usage. Loaded Objects now: 1672.
Total: 2.061000 ms (FindLiveObjects: 0.376100 ms CreateObjectMapping: 0.127200 ms MarkObjects: 1.435100 ms  DeleteObjects: 0.120600 ms)

========================================================================
Received Import Request.
  path: Assets/Plugins/Lean/Common/Examples/Materials/Red.mat
  artifactKey: Guid(738f118aa214360489366338953cfd32) Importer(815301076,1909f56bfc062723c751e8b465ee728b)
Start importing Assets/Plugins/Lean/Common/Examples/Materials/Red.mat using Guid(738f118aa214360489366338953cfd32) Importer(815301076,1909f56bfc062723c751e8b465ee728b)  -> (artifact id: '85ecfd5c4ba8152253f5b1bb217774e4') in 0.121457 seconds
  Import took 0.123531 seconds .

========================================================================
Received Import Request.
  Time since last request: 0.000320 seconds.
  path: Assets/Plugins/Lean/Common/Examples/Materials/White.mat
  artifactKey: Guid(c4dab12b6ad08384ba8a3ce2f7eba5f7) Importer(815301076,1909f56bfc062723c751e8b465ee728b)
Start importing Assets/Plugins/Lean/Common/Examples/Materials/White.mat using Guid(c4dab12b6ad08384ba8a3ce2f7eba5f7) Importer(815301076,1909f56bfc062723c751e8b465ee728b)  -> (artifact id: 'ab65c83a4d64f2c24b64eac503321ac0') in 0.018858 seconds
  Import took 0.021343 seconds .

========================================================================
Received Import Request.
  Time since last request: 0.000227 seconds.
  path: Assets/Plugins/Lean/Touch/Examples/Media/Line.mat
  artifactKey: Guid(a7e5a27266ffc1c449993ff1173fe9a7) Importer(815301076,1909f56bfc062723c751e8b465ee728b)
Start importing Assets/Plugins/Lean/Touch/Examples/Media/Line.mat using Guid(a7e5a27266ffc1c449993ff1173fe9a7) Importer(815301076,1909f56bfc062723c751e8b465ee728b)  -> (artifact id: '98af1cbec257339b0331b8991ae1c443') in 0.060887 seconds
  Import took 0.063691 seconds .

========================================================================
Received Import Request.
  Time since last request: 0.000344 seconds.
  path: Assets/Plugins/Lean/Touch/Examples/Media/Trail.mat
  artifactKey: Guid(a249bfc9d8fe9874890b7170317078ab) Importer(815301076,1909f56bfc062723c751e8b465ee728b)
Start importing Assets/Plugins/Lean/Touch/Examples/Media/Trail.mat using Guid(a249bfc9d8fe9874890b7170317078ab) Importer(815301076,1909f56bfc062723c751e8b465ee728b)  -> (artifact id: '5d35122a3afd53914e62518800e57247') in 0.018590 seconds
  Import took 0.020648 seconds .

========================================================================
Received Import Request.
  Time since last request: 0.000230 seconds.
  path: Assets/Plugins/Lean/Common/Examples/Materials/Orange.mat
  artifactKey: Guid(d15897a066fc1bd4e873db20d70da822) Importer(815301076,1909f56bfc062723c751e8b465ee728b)
Start importing Assets/Plugins/Lean/Common/Examples/Materials/Orange.mat using Guid(d15897a066fc1bd4e873db20d70da822) Importer(815301076,1909f56bfc062723c751e8b465ee728b)  -> (artifact id: 'f07028c8b85567cd3aadd63fc7ce348f') in 0.018280 seconds
  Import took 0.020400 seconds .

========================================================================
Received Import Request.
  Time since last request: 0.000265 seconds.
  path: Assets/Plugins/Lean/Common/Examples/Materials/Skybox.mat
  artifactKey: Guid(17380c24072c0954898ab03528ac9077) Importer(815301076,1909f56bfc062723c751e8b465ee728b)
Start importing Assets/Plugins/Lean/Common/Examples/Materials/Skybox.mat using Guid(17380c24072c0954898ab03528ac9077) Importer(815301076,1909f56bfc062723c751e8b465ee728b)  -> (artifact id: '9912d74bd1bf5ac443a3cd39e8b35071') in 0.019192 seconds
  Import took 0.022253 seconds .

========================================================================
Received Import Request.
  Time since last request: 0.000481 seconds.
  path: Assets/Plugins/Lean/Common/Examples/Materials/Purple.mat
  artifactKey: Guid(2c57751e748651a4c9bd8f9f48e8cf5e) Importer(815301076,1909f56bfc062723c751e8b465ee728b)
Start importing Assets/Plugins/Lean/Common/Examples/Materials/Purple.mat using Guid(2c57751e748651a4c9bd8f9f48e8cf5e) Importer(815301076,1909f56bfc062723c751e8b465ee728b)  -> (artifact id: '3423bdbeaaa5bc05b12ee7f4d32f1c8c') in 0.020797 seconds
  Import took 0.023349 seconds .

========================================================================
Received Import Request.
  Time since last request: 0.000277 seconds.
  path: Assets/Plugins/Lean/Common/Examples/Materials/Yellow.mat
  artifactKey: Guid(c37be6ad65a89fb48889627465fcdf16) Importer(815301076,1909f56bfc062723c751e8b465ee728b)
Start importing Assets/Plugins/Lean/Common/Examples/Materials/Yellow.mat using Guid(c37be6ad65a89fb48889627465fcdf16) Importer(815301076,1909f56bfc062723c751e8b465ee728b)  -> (artifact id: 'ea9dd0385c2add91f5187e93c6132b57') in 0.018514 seconds
  Import took 0.020471 seconds .

========================================================================
Received Import Request.
  Time since last request: 0.000314 seconds.
  path: Assets/Models/Env/Materials/Red.mat
  artifactKey: Guid(ce81e5dc252b8ed4e92b986f45c87bc5) Importer(815301076,1909f56bfc062723c751e8b465ee728b)
Start importing Assets/Models/Env/Materials/Red.mat using Guid(ce81e5dc252b8ed4e92b986f45c87bc5) Importer(815301076,1909f56bfc062723c751e8b465ee728b)  -> (artifact id: 'f12df44ff5afab57d71261e4b66c9659') in 0.014710 seconds
  Import took 0.016564 seconds .

========================================================================
Received Import Request.
  Time since last request: 386.210091 seconds.
  path: Assets/Scenes/Env/LightingData.asset
  artifactKey: Guid(2e036dba2846bd64cb16a451d0b2c523) Importer(815301076,1909f56bfc062723c751e8b465ee728b)
Start importing Assets/Scenes/Env/LightingData.asset using Guid(2e036dba2846bd64cb16a451d0b2c523) Importer(815301076,1909f56bfc062723c751e8b465ee728b)  -> (artifact id: '96640e713794ee108c40cf6c07d6e666') in 0.012502 seconds
  Import took 0.022204 seconds .

========================================================================
Received Import Request.
  Time since last request: 121.989532 seconds.
  path: Assets/Models/Env/Materials/Back.mat
  artifactKey: Guid(e98afe61f2476ab4691e545e6720ae66) Importer(815301076,1909f56bfc062723c751e8b465ee728b)
Start importing Assets/Models/Env/Materials/Back.mat using Guid(e98afe61f2476ab4691e545e6720ae66) Importer(815301076,1909f56bfc062723c751e8b465ee728b)  -> (artifact id: 'bf59c5ae21d43a7921f294ace5ae9455') in 0.019135 seconds
  Import took 0.022823 seconds .

========================================================================
Received Import Request.
  Time since last request: 0.000276 seconds.
  path: Assets/Plugins/Lean/Common/Examples/Fonts/VarelaRound-Regular.ttf
  artifactKey: Guid(d54323c94c164de478170d5e7d0273be) Importer(815301076,1909f56bfc062723c751e8b465ee728b)
Start importing Assets/Plugins/Lean/Common/Examples/Fonts/VarelaRound-Regular.ttf using Guid(d54323c94c164de478170d5e7d0273be) Importer(815301076,1909f56bfc062723c751e8b465ee728b)  -> (artifact id: '3327366ef05082aae4fc67764c7828a8') in 0.049451 seconds
  Import took 0.051866 seconds .

========================================================================
Received Import Request.
  Time since last request: 0.000291 seconds.
  path: Assets/Models/Env/Materials/Back.mat
  artifactKey: Guid(e98afe61f2476ab4691e545e6720ae66) Importer(815301076,1909f56bfc062723c751e8b465ee728b)
Start importing Assets/Models/Env/Materials/Back.mat using Guid(e98afe61f2476ab4691e545e6720ae66) Importer(815301076,1909f56bfc062723c751e8b465ee728b)  -> (artifact id: 'bf59c5ae21d43a7921f294ace5ae9455') in 0.013432 seconds
  Import took 0.017630 seconds .

========================================================================
Received Import Request.
  Time since last request: 0.000403 seconds.
  path: Assets/Plugins/Lean/Common/Examples/Materials/Blue.mat
  artifactKey: Guid(69c3c648559bfd34eaae3ff327107596) Importer(815301076,1909f56bfc062723c751e8b465ee728b)
Start importing Assets/Plugins/Lean/Common/Examples/Materials/Blue.mat using Guid(69c3c648559bfd34eaae3ff327107596) Importer(815301076,1909f56bfc062723c751e8b465ee728b)  -> (artifact id: '47dbd24ba8cdfda92ad1012cd6939e41') in 0.023022 seconds
  Import took 0.025573 seconds .

========================================================================
Received Import Request.
  Time since last request: 0.000241 seconds.
  path: Assets/Plugins/Lean/Common/Examples/Materials/Grey.mat
  artifactKey: Guid(eb19d4e9e6dff424daabfbc351d2dde1) Importer(815301076,1909f56bfc062723c751e8b465ee728b)
Start importing Assets/Plugins/Lean/Common/Examples/Materials/Grey.mat using Guid(eb19d4e9e6dff424daabfbc351d2dde1) Importer(815301076,1909f56bfc062723c751e8b465ee728b)  -> (artifact id: '825edc7ce488c7bd552b923f5ba732db') in 0.017958 seconds
  Import took 0.020504 seconds .

========================================================================
Received Import Request.
  Time since last request: 0.000339 seconds.
  path: Assets/Models/Env/Materials/DarkFront.mat
  artifactKey: Guid(0553349507bd93f448b93f53c3c640f6) Importer(815301076,1909f56bfc062723c751e8b465ee728b)
Start importing Assets/Models/Env/Materials/DarkFront.mat using Guid(0553349507bd93f448b93f53c3c640f6) Importer(815301076,1909f56bfc062723c751e8b465ee728b)  -> (artifact id: '73df9cb405048e3cc7b717d3245e0f5d') in 0.020741 seconds
  Import took 0.023399 seconds .

========================================================================
Received Import Request.
  Time since last request: 0.000195 seconds.
  path: Assets/Plugins/Lean/Common/Examples/Materials/Black.mat
  artifactKey: Guid(72c44f820e292664ead684b85643fada) Importer(815301076,1909f56bfc062723c751e8b465ee728b)
Start importing Assets/Plugins/Lean/Common/Examples/Materials/Black.mat using Guid(72c44f820e292664ead684b85643fada) Importer(815301076,1909f56bfc062723c751e8b465ee728b)  -> (artifact id: 'e8968b9d9ef80d842b0c380249e5ca27') in 0.020253 seconds
  Import took 0.022677 seconds .

========================================================================
Received Import Request.
  Time since last request: 0.000184 seconds.
  path: Assets/Plugins/Lean/Common/Examples/Materials/Green.mat
  artifactKey: Guid(a7c2868437eddf248a6deb329de23d8e) Importer(815301076,1909f56bfc062723c751e8b465ee728b)
Start importing Assets/Plugins/Lean/Common/Examples/Materials/Green.mat using Guid(a7c2868437eddf248a6deb329de23d8e) Importer(815301076,1909f56bfc062723c751e8b465ee728b)  -> (artifact id: 'a0fc9fbfc828eb888261bde52be7a03e') in 0.020648 seconds
  Import took 0.022620 seconds .

========================================================================
Received Import Request.
  Time since last request: 0.000192 seconds.
  path: Assets/Models/Env/Materials/Front.mat
  artifactKey: Guid(d2921dd3e9d977a4bbbeffebccd3651d) Importer(815301076,1909f56bfc062723c751e8b465ee728b)
Start importing Assets/Models/Env/Materials/Front.mat using Guid(d2921dd3e9d977a4bbbeffebccd3651d) Importer(815301076,1909f56bfc062723c751e8b465ee728b)  -> (artifact id: 'd08b70eb204b2d16e6aa030ed964d459') in 0.016921 seconds
  Import took 0.019376 seconds .

========================================================================
Received Import Request.
  Time since last request: 0.000212 seconds.
  path: Assets/Models/Env/Materials/Building.mat
  artifactKey: Guid(6c7d7b2aea02bee4a93d5937383ba2aa) Importer(815301076,1909f56bfc062723c751e8b465ee728b)
Start importing Assets/Models/Env/Materials/Building.mat using Guid(6c7d7b2aea02bee4a93d5937383ba2aa) Importer(815301076,1909f56bfc062723c751e8b465ee728b)  -> (artifact id: '0f587ab720c85090285fe2900f593fc6') in 0.016924 seconds
  Import took 0.024474 seconds .

========================================================================
Received Import Request.
  Time since last request: 0.000209 seconds.
  path: Assets/Plugins/Lean/Common/Examples/Materials/Grid.mat
  artifactKey: Guid(41cd2401d126859418d064ea8f4fee8c) Importer(815301076,1909f56bfc062723c751e8b465ee728b)
Start importing Assets/Plugins/Lean/Common/Examples/Materials/Grid.mat using Guid(41cd2401d126859418d064ea8f4fee8c) Importer(815301076,1909f56bfc062723c751e8b465ee728b)  -> (artifact id: '3c0ea85ae5b19940a3eb720953fb1ce8') in 0.019242 seconds
  Import took 0.021333 seconds .

========================================================================
Received Import Request.
  Time since last request: 0.000247 seconds.
  path: Assets/Plugins/Lean/Common/Examples/Materials/Circuit.mat
  artifactKey: Guid(2fba2ab79a742fc4380f0e83399f9fb6) Importer(815301076,1909f56bfc062723c751e8b465ee728b)
Start importing Assets/Plugins/Lean/Common/Examples/Materials/Circuit.mat using Guid(2fba2ab79a742fc4380f0e83399f9fb6) Importer(815301076,1909f56bfc062723c751e8b465ee728b)  -> (artifact id: '35f552a8fa325ec638913e9f4d1db7ac') in 0.024382 seconds
  Import took 0.026361 seconds .

========================================================================
Received Import Request.
  Time since last request: 0.000183 seconds.
  path: Assets/Models/Env/Materials/Red.mat
  artifactKey: Guid(ce81e5dc252b8ed4e92b986f45c87bc5) Importer(815301076,1909f56bfc062723c751e8b465ee728b)
Start importing Assets/Models/Env/Materials/Red.mat using Guid(ce81e5dc252b8ed4e92b986f45c87bc5) Importer(815301076,1909f56bfc062723c751e8b465ee728b)  -> (artifact id: 'ff47d0982e2498dbf64d6e6e7c51f027') in 0.016950 seconds
  Import took 0.019196 seconds .

========================================================================
Received Import Request.
  Time since last request: 0.001694 seconds.
  path: Assets/Models/Env/Materials/Red.mat
  artifactKey: Guid(ce81e5dc252b8ed4e92b986f45c87bc5) Importer(815301076,1909f56bfc062723c751e8b465ee728b)
Start importing Assets/Models/Env/Materials/Red.mat using Guid(ce81e5dc252b8ed4e92b986f45c87bc5) Importer(815301076,1909f56bfc062723c751e8b465ee728b)  -> (artifact id: 'ff47d0982e2498dbf64d6e6e7c51f027') in 0.014392 seconds
  Import took 0.017693 seconds .

